{"level":"info","message":"Listening on port 3900...","timestamp":"2018-07-25T19:02:18.260Z"}
{"level":"info","message":"Connected to mongodb://localhost/vidly...","timestamp":"2018-07-25T19:02:18.281Z"}
{"level":"info","message":"Listening on port 3900...","timestamp":"2018-07-25T19:09:55.035Z"}
{"level":"info","message":"Connected to mongodb://localhost/vidly...","timestamp":"2018-07-25T19:09:55.055Z"}
{"message":"Cannot read property 'isAdmin' of undefined","stack":"TypeError: Cannot read property 'isAdmin' of undefined\n    at module.exports (/Users/moshfeghhamedani/Dropbox/Courses/React/Demo/vidly-api-node/middleware/admin.js:8:17)\n    at /Users/moshfeghhamedani/Dropbox/Courses/React/Demo/vidly-api-node/node_modules/express-async-errors/index.js:17:17\n    at Layer.handle [as handle_request] (/Users/moshfeghhamedani/Dropbox/Courses/React/Demo/vidly-api-node/node_modules/express/lib/router/layer.js:95:5)\n    at next (/Users/moshfeghhamedani/Dropbox/Courses/React/Demo/vidly-api-node/node_modules/express/lib/router/route.js:137:13)\n    at module.exports (/Users/moshfeghhamedani/Dropbox/Courses/React/Demo/vidly-api-node/middleware/auth.js:5:36)\n    at /Users/moshfeghhamedani/Dropbox/Courses/React/Demo/vidly-api-node/node_modules/express-async-errors/index.js:17:17\n    at Layer.handle [as handle_request] (/Users/moshfeghhamedani/Dropbox/Courses/React/Demo/vidly-api-node/node_modules/express/lib/router/layer.js:95:5)\n    at next (/Users/moshfeghhamedani/Dropbox/Courses/React/Demo/vidly-api-node/node_modules/express/lib/router/route.js:137:13)\n    at Route.dispatch (/Users/moshfeghhamedani/Dropbox/Courses/React/Demo/vidly-api-node/node_modules/express/lib/router/route.js:112:3)\n    at /Users/moshfeghhamedani/Dropbox/Courses/React/Demo/vidly-api-node/node_modules/express-async-errors/index.js:17:17\n    at Layer.handle [as handle_request] (/Users/moshfeghhamedani/Dropbox/Courses/React/Demo/vidly-api-node/node_modules/express/lib/router/layer.js:95:5)\n    at /Users/moshfeghhamedani/Dropbox/Courses/React/Demo/vidly-api-node/node_modules/express/lib/router/index.js:281:22\n    at Function.process_params (/Users/moshfeghhamedani/Dropbox/Courses/React/Demo/vidly-api-node/node_modules/express/lib/router/index.js:335:12)\n    at next (/Users/moshfeghhamedani/Dropbox/Courses/React/Demo/vidly-api-node/node_modules/express/lib/router/index.js:275:10)\n    at Function.handle (/Users/moshfeghhamedani/Dropbox/Courses/React/Demo/vidly-api-node/node_modules/express/lib/router/index.js:174:3)\n    at router (/Users/moshfeghhamedani/Dropbox/Courses/React/Demo/vidly-api-node/node_modules/express/lib/router/index.js:47:12)","level":"error","timestamp":"2018-07-25T19:11:08.638Z"}
{"level":"info","message":"Listening on port 3900...","timestamp":"2018-07-25T19:11:36.087Z"}
{"level":"info","message":"Connected to mongodb://localhost/vidly...","timestamp":"2018-07-25T19:11:36.108Z"}
{"level":"info","message":"Listening on port 3900...","timestamp":"2018-07-25T19:11:40.247Z"}
{"level":"info","message":"Connected to mongodb://localhost/vidly...","timestamp":"2018-07-25T19:11:40.267Z"}
{"level":"info","message":"Listening on port 3900...","timestamp":"2018-07-25T19:11:52.261Z"}
{"level":"info","message":"Connected to mongodb://localhost/vidly...","timestamp":"2018-07-25T19:11:52.282Z"}
{"level":"info","message":"Listening on port 3900...","timestamp":"2021-01-07T09:27:23.769Z"}
{"level":"info","message":"Connected to mongodb://localhost/vidly...","timestamp":"2021-01-07T09:27:23.787Z"}
{"level":"info","message":"Listening on port 3900...","timestamp":"2021-01-07T09:30:31.855Z"}
{"level":"info","message":"Connected to mongodb://localhost/vidly...","timestamp":"2021-01-07T09:30:31.872Z"}
{"level":"info","message":"Listening on port 3900...","timestamp":"2021-01-07T19:11:29.619Z"}
{"level":"info","message":"Connected to mongodb://localhost/vidly...","timestamp":"2021-01-07T19:11:29.641Z"}
{"level":"info","message":"Listening on port 3900...","timestamp":"2021-01-07T19:42:20.541Z"}
{"level":"info","message":"Connected to mongodb://localhost/vidly...","timestamp":"2021-01-07T19:42:20.560Z"}
{"message":"Cast to ObjectId failed for value \"undefined\" at path \"_id\" for model \"Movies\"","stack":"CastError: Cast to ObjectId failed for value \"undefined\" at path \"_id\" for model \"Movies\"\n    at model.Query.exec (/Users/edgar/Documents/React Review2/Section 8- Calling Backend Services/start/vidly-api-node/node_modules/mongoose/lib/query.js:4358:21)\n    at model.Query.Query.then (/Users/edgar/Documents/React Review2/Section 8- Calling Backend Services/start/vidly-api-node/node_modules/mongoose/lib/query.js:4450:15)","stringValue":"\"undefined\"","kind":"ObjectId","value":"undefined","path":"_id","reason":{},"level":"error","timestamp":"2021-01-07T21:11:00.292Z"}
{"message":"Cast to ObjectId failed for value \"undefined\" at path \"_id\" for model \"Movies\"","stack":"CastError: Cast to ObjectId failed for value \"undefined\" at path \"_id\" for model \"Movies\"\n    at model.Query.exec (/Users/edgar/Documents/React Review2/Section 8- Calling Backend Services/start/vidly-api-node/node_modules/mongoose/lib/query.js:4358:21)\n    at model.Query.Query.then (/Users/edgar/Documents/React Review2/Section 8- Calling Backend Services/start/vidly-api-node/node_modules/mongoose/lib/query.js:4450:15)","stringValue":"\"undefined\"","kind":"ObjectId","value":"undefined","path":"_id","reason":{},"level":"error","timestamp":"2021-01-07T21:12:39.946Z"}
{"message":"Cast to ObjectId failed for value \"undefined\" at path \"_id\" for model \"Movies\"","stack":"CastError: Cast to ObjectId failed for value \"undefined\" at path \"_id\" for model \"Movies\"\n    at model.Query.exec (/Users/edgar/Documents/React Review2/Section 8- Calling Backend Services/start/vidly-api-node/node_modules/mongoose/lib/query.js:4358:21)\n    at model.Query.Query.then (/Users/edgar/Documents/React Review2/Section 8- Calling Backend Services/start/vidly-api-node/node_modules/mongoose/lib/query.js:4450:15)","stringValue":"\"undefined\"","kind":"ObjectId","value":"undefined","path":"_id","reason":{},"level":"error","timestamp":"2021-01-07T21:13:10.807Z"}
{"message":"Cast to ObjectId failed for value \"undefined\" at path \"_id\" for model \"Movies\"","stack":"CastError: Cast to ObjectId failed for value \"undefined\" at path \"_id\" for model \"Movies\"\n    at model.Query.exec (/Users/edgar/Documents/React Review2/Section 8- Calling Backend Services/start/vidly-api-node/node_modules/mongoose/lib/query.js:4358:21)\n    at model.Query.Query.then (/Users/edgar/Documents/React Review2/Section 8- Calling Backend Services/start/vidly-api-node/node_modules/mongoose/lib/query.js:4450:15)","stringValue":"\"undefined\"","kind":"ObjectId","value":"undefined","path":"_id","reason":{},"level":"error","timestamp":"2021-01-07T21:16:00.891Z"}
{"message":"Cast to ObjectId failed for value \"undefined\" at path \"_id\" for model \"Movies\"","stack":"CastError: Cast to ObjectId failed for value \"undefined\" at path \"_id\" for model \"Movies\"\n    at model.Query.exec (/Users/edgar/Documents/React Review2/Section 8- Calling Backend Services/start/vidly-api-node/node_modules/mongoose/lib/query.js:4358:21)\n    at model.Query.Query.then (/Users/edgar/Documents/React Review2/Section 8- Calling Backend Services/start/vidly-api-node/node_modules/mongoose/lib/query.js:4450:15)","stringValue":"\"undefined\"","kind":"ObjectId","value":"undefined","path":"_id","reason":{},"level":"error","timestamp":"2021-01-07T21:19:03.028Z"}
{"message":"Cast to ObjectId failed for value \"undefined\" at path \"_id\" for model \"Movies\"","stack":"CastError: Cast to ObjectId failed for value \"undefined\" at path \"_id\" for model \"Movies\"\n    at model.Query.exec (/Users/edgar/Documents/React Review2/Section 8- Calling Backend Services/start/vidly-api-node/node_modules/mongoose/lib/query.js:4358:21)\n    at model.Query.Query.then (/Users/edgar/Documents/React Review2/Section 8- Calling Backend Services/start/vidly-api-node/node_modules/mongoose/lib/query.js:4450:15)","stringValue":"\"undefined\"","kind":"ObjectId","value":"undefined","path":"_id","reason":{},"level":"error","timestamp":"2021-01-07T21:20:25.030Z"}
{"message":"E11000 duplicate key error collection: vidly.users index: email_1 dup key: { email: \"newUser123@domain.com\" }","stack":"MongoError: E11000 duplicate key error collection: vidly.users index: email_1 dup key: { email: \"newUser123@domain.com\" }\n    at Function.create (/Users/edgar/Documents/React Review2/Section 8- Calling Backend Services/start/vidly-api-node/node_modules/mongodb/lib/core/error.js:57:12)\n    at toError (/Users/edgar/Documents/React Review2/Section 8- Calling Backend Services/start/vidly-api-node/node_modules/mongodb/lib/utils.js:123:22)\n    at /Users/edgar/Documents/React Review2/Section 8- Calling Backend Services/start/vidly-api-node/node_modules/mongodb/lib/operations/common_functions.js:265:39\n    at /Users/edgar/Documents/React Review2/Section 8- Calling Backend Services/start/vidly-api-node/node_modules/mongodb/lib/core/connection/pool.js:405:18\n    at processTicksAndRejections (node:internal/process/task_queues:75:11)","driver":true,"name":"MongoError","index":0,"code":11000,"keyPattern":{"email":1},"keyValue":{"email":"newUser123@domain.com"},"level":"error","timestamp":"2021-01-07T22:17:53.142Z"}
{"level":"info","message":"Listening on port 3900...","timestamp":"2021-01-07T22:28:57.465Z"}
{"level":"info","message":"Connected to mongodb://localhost/vidly...","timestamp":"2021-01-07T22:28:57.482Z"}
{"level":"info","message":"Listening on port 3900...","timestamp":"2021-01-08T00:20:26.897Z"}
{"level":"info","message":"Connected to mongodb://localhost/vidly...","timestamp":"2021-01-08T00:20:26.913Z"}
{"level":"info","message":"Listening on port 3900...","timestamp":"2021-01-08T01:23:17.988Z"}
{"level":"info","message":"Connected to mongodb://localhost/vidly...","timestamp":"2021-01-08T01:23:18.009Z"}
{"level":"info","message":"Listening on port 3900...","timestamp":"2021-01-08T01:26:16.780Z"}
{"level":"info","message":"Connected to mongodb://localhost/vidly...","timestamp":"2021-01-08T01:26:16.797Z"}
{"level":"info","message":"Listening on port 3900...","timestamp":"2021-01-08T01:44:12.096Z"}
{"level":"info","message":"Connected to mongodb://localhost/vidly...","timestamp":"2021-01-08T01:44:12.112Z"}
{"level":"info","message":"Listening on port 3900...","timestamp":"2021-01-08T06:29:14.214Z"}
{"level":"info","message":"Connected to mongodb://localhost/vidly...","timestamp":"2021-01-08T06:29:14.232Z"}
{"level":"info","message":"Listening on port 3900...","timestamp":"2021-01-09T21:08:09.147Z"}
{"level":"info","message":"Connected to mongodb://localhost/vidly...","timestamp":"2021-01-09T21:08:09.171Z"}
{"level":"info","message":"Listening on port 3900...","timestamp":"2021-03-11T21:45:52.394Z"}
{"level":"info","message":"Connected to mongodb://localhost/vidly...","timestamp":"2021-03-11T21:45:52.414Z"}
{"level":"info","message":"Listening on port 3900...","timestamp":"2021-03-11T21:51:23.413Z"}
{"level":"info","message":"Connected to mongodb://localhost/vidly...","timestamp":"2021-03-11T21:51:23.433Z"}
{"level":"info","message":"Listening on port 3900...","timestamp":"2021-03-11T21:53:26.030Z"}
{"level":"info","message":"Connected to mongodb://localhost/vidly...","timestamp":"2021-03-11T21:53:26.049Z"}
{"level":"info","message":"Listening on port 3900...","timestamp":"2021-03-11T21:59:40.082Z"}
{"level":"info","message":"Connected to mongodb://localhost/vidly...","timestamp":"2021-03-11T21:59:40.103Z"}
{"level":"info","message":"Listening on port 3900...","timestamp":"2021-03-11T22:00:41.473Z"}
{"level":"info","message":"Connected to mongodb://localhost/vidly...","timestamp":"2021-03-11T22:00:41.492Z"}
{"message":"Cast to ObjectId failed for value \"undefined\" at path \"_id\" for model \"Movies\"","stack":"CastError: Cast to ObjectId failed for value \"undefined\" at path \"_id\" for model \"Movies\"\n    at model.Query.exec (/Users/edgar/Documents/React-Review(recent)/Section 8- Calling Backend Services 2/start/vidly-api-node/node_modules/mongoose/lib/query.js:4358:21)\n    at model.Query.Query.then (/Users/edgar/Documents/React-Review(recent)/Section 8- Calling Backend Services 2/start/vidly-api-node/node_modules/mongoose/lib/query.js:4450:15)\n    at processTicksAndRejections (node:internal/process/task_queues:93:5)","stringValue":"\"undefined\"","kind":"ObjectId","value":"undefined","path":"_id","reason":{},"level":"error","timestamp":"2021-03-11T22:34:37.073Z"}
{"message":"Cast to ObjectId failed for value \"undefined\" at path \"_id\" for model \"Movies\"","stack":"CastError: Cast to ObjectId failed for value \"undefined\" at path \"_id\" for model \"Movies\"\n    at model.Query.exec (/Users/edgar/Documents/React-Review(recent)/Section 8- Calling Backend Services 2/start/vidly-api-node/node_modules/mongoose/lib/query.js:4358:21)\n    at model.Query.Query.then (/Users/edgar/Documents/React-Review(recent)/Section 8- Calling Backend Services 2/start/vidly-api-node/node_modules/mongoose/lib/query.js:4450:15)\n    at processTicksAndRejections (node:internal/process/task_queues:93:5)","stringValue":"\"undefined\"","kind":"ObjectId","value":"undefined","path":"_id","reason":{},"level":"error","timestamp":"2021-03-11T22:35:26.698Z"}
{"message":"Cast to ObjectId failed for value \"undefined\" at path \"_id\" for model \"Movies\"","stack":"CastError: Cast to ObjectId failed for value \"undefined\" at path \"_id\" for model \"Movies\"\n    at model.Query.exec (/Users/edgar/Documents/React-Review(recent)/Section 8- Calling Backend Services 2/start/vidly-api-node/node_modules/mongoose/lib/query.js:4358:21)\n    at model.Query.Query.then (/Users/edgar/Documents/React-Review(recent)/Section 8- Calling Backend Services 2/start/vidly-api-node/node_modules/mongoose/lib/query.js:4450:15)\n    at processTicksAndRejections (node:internal/process/task_queues:93:5)","stringValue":"\"undefined\"","kind":"ObjectId","value":"undefined","path":"_id","reason":{},"level":"error","timestamp":"2021-03-11T22:35:34.869Z"}
{"message":"Cast to ObjectId failed for value \"undefined\" at path \"_id\" for model \"Movies\"","stack":"CastError: Cast to ObjectId failed for value \"undefined\" at path \"_id\" for model \"Movies\"\n    at model.Query.exec (/Users/edgar/Documents/React-Review(recent)/Section 8- Calling Backend Services 2/start/vidly-api-node/node_modules/mongoose/lib/query.js:4358:21)\n    at model.Query.Query.then (/Users/edgar/Documents/React-Review(recent)/Section 8- Calling Backend Services 2/start/vidly-api-node/node_modules/mongoose/lib/query.js:4450:15)\n    at processTicksAndRejections (node:internal/process/task_queues:93:5)","stringValue":"\"undefined\"","kind":"ObjectId","value":"undefined","path":"_id","reason":{},"level":"error","timestamp":"2021-03-11T22:35:38.694Z"}
{"message":"Cast to ObjectId failed for value \"undefined\" at path \"_id\" for model \"Movies\"","stack":"CastError: Cast to ObjectId failed for value \"undefined\" at path \"_id\" for model \"Movies\"\n    at model.Query.exec (/Users/edgar/Documents/React-Review(recent)/Section 8- Calling Backend Services 2/start/vidly-api-node/node_modules/mongoose/lib/query.js:4358:21)\n    at model.Query.Query.then (/Users/edgar/Documents/React-Review(recent)/Section 8- Calling Backend Services 2/start/vidly-api-node/node_modules/mongoose/lib/query.js:4450:15)","stringValue":"\"undefined\"","kind":"ObjectId","value":"undefined","path":"_id","reason":{},"level":"error","timestamp":"2021-03-11T23:23:55.483Z"}
{"level":"info","message":"Listening on port 3900...","timestamp":"2021-03-12T00:07:04.744Z"}
{"level":"info","message":"Connected to mongodb://localhost/vidly...","timestamp":"2021-03-12T00:07:04.769Z"}
{"level":"info","message":"Listening on port 3900...","timestamp":"2021-03-12T15:09:33.395Z"}
{"level":"info","message":"Connected to mongodb://localhost/vidly...","timestamp":"2021-03-12T15:09:33.409Z"}
{"level":"info","message":"Listening on port 3900...","timestamp":"2021-03-12T18:08:34.841Z"}
{"level":"info","message":"Connected to mongodb://localhost/vidly...","timestamp":"2021-03-12T18:08:34.860Z"}
